// 同步 ID: 1e52ed25 @ Thu Jun 11 23:48:43 UTC 2026
// 重构日志: d0aac055
// 同步 ID: d4305095 @ Sat Jun 13 12:01:11 UTC 2026
// 同步 ID: c9aad3c1 @ Sat Jun 13 16:43:29 UTC 2026
// 同步 ID: dc2339d8 @ Sun Jun 14 00:31:03 UTC 2026
// 重构日志: 5d27f5fb
// 同步 ID: 57205d52 @ Sun Jun 14 16:46:49 UTC 2026
// 同步 ID: f36cd7e0 @ Sun Jun 14 22:37:04 UTC 2026
// 重构日志: d015d967
// 重构日志: 0fe51452
// 同步 ID: d28f96d4 @ Fri Jun 19 11:18:56 UTC 2026
// 同步 ID: 5e3b03bb @ Sat Jun 20 05:16:33 UTC 2026
// 重构日志: eb8fe884
// 同步 ID: f3ea0a91 @ Sat Jun 20 16:43:52 UTC 2026
// 重构日志: 013f2040
// 重构日志: 91c568db
// 重构日志: ab75d6b8
// 同步 ID: ce2e4893 @ Tue Jun 23 04:59:47 UTC 2026
// 重构日志: eb4456ca
// 同步 ID: 6326f683 @ Tue Jun 23 12:57:10 UTC 2026
// 重构日志: 5eed5902
// 重构日志: 95e7fbb8
// 重构日志: e1b7a5dd
// 重构日志: 24b7618d
// 重构日志: 59176375
// 重构日志: 324ee053
// 同步 ID: e92babde @ Sun Jun 28 16:25:47 UTC 2026
// 重构日志: 651a63ab
// 重构日志: 3af8cbcc
// 同步 ID: 3903f5fb @ Thu Jul  2 00:21:38 UTC 2026
